# JRE version: Java(TM) SE Runtime Environment (8.0_181-b13) (build 1.8.0_181-b13)
# Java VM: Java HotSpot(TM) Server VM (25.181-b13 mixed mode linux-x86 )
Heap:
 PSYoungGen      total 71936K, used 23674K [0xd18c0000, 0xd6540000, 0xe6e00000)
  eden space 66304K, 28% used [0xd18c0000,0xd2b82bd8,0xd5980000)
  from space 5632K, 79% used [0xd5f40000,0xd639be38,0xd64c0000)
  to   space 5888K, 0% used [0xd5980000,0xd5980000,0xd5f40000)
 ParOldGen       total 43776K, used 4234K [0xa6e00000, 0xa98c0000, 0xd18c0000)
  object space 43776K, 9% used [0xa6e00000,0xa7222958,0xa98c0000)
 Metaspace       used 12962K, capacity 13342K, committed 13464K, reserved 13616K
GC Heap History (10 events):
Event: 1,105 GC heap before
{Heap before GC invocations=2 (full 0):
 PSYoungGen      total 19200K, used 18602K [0xd18c0000, 0xd2e00000, 0xe6e00000)
  eden space 16640K, 100% used [0xd18c0000,0xd2900000,0xd2900000)
  from space 2560K, 76% used [0xd2900000,0xd2aeab90,0xd2b80000)
  to   space 2560K, 0% used [0xd2b80000,0xd2b80000,0xd2e00000)
 ParOldGen       total 43776K, used 4K [0xa6e00000, 0xa98c0000, 0xd18c0000)
  object space 43776K, 0% used [0xa6e00000,0xa6e01000,0xa98c0000)
 Metaspace       used 5621K, capacity 5804K, committed 5912K, reserved 6448K
Event: 1,110 GC heap after
Heap after GC invocations=2 (full 0):
 PSYoungGen      total 19200K, used 2551K [0xd18c0000, 0xd3e40000, 0xe6e00000)
  eden space 16640K, 0% used [0xd18c0000,0xd18c0000,0xd2900000)
  from space 2560K, 99% used [0xd2b80000,0xd2dfdef0,0xd2e00000)
  to   space 2560K, 0% used [0xd2900000,0xd2900000,0xd2b80000)
 ParOldGen       total 43776K, used 106K [0xa6e00000, 0xa98c0000, 0xd18c0000)
  object space 43776K, 0% used [0xa6e00000,0xa6e1a8b0,0xa98c0000)
 Metaspace       used 5621K, capacity 5804K, committed 5912K, reserved 6448K
}
Event: 1,282 GC heap before
{Heap before GC invocations=3 (full 0):
 PSYoungGen      total 19200K, used 19191K [0xd18c0000, 0xd3e40000, 0xe6e00000)
  eden space 16640K, 100% used [0xd18c0000,0xd2900000,0xd2900000)
  from space 2560K, 99% used [0xd2b80000,0xd2dfdef0,0xd2e00000)
  to   space 2560K, 0% used [0xd2900000,0xd2900000,0xd2b80000)
 ParOldGen       total 43776K, used 106K [0xa6e00000, 0xa98c0000, 0xd18c0000)
  object space 43776K, 0% used [0xa6e00000,0xa6e1a8b0,0xa98c0000)
 Metaspace       used 7032K, capacity 7288K, committed 7320K, reserved 7472K
Event: 1,291 GC heap after
Heap after GC invocations=3 (full 0):
 PSYoungGen      total 19200K, used 2554K [0xd18c0000, 0xd3e40000, 0xe6e00000)
  eden space 16640K, 0% used [0xd18c0000,0xd18c0000,0xd2900000)
  from space 2560K, 99% used [0xd2900000,0xd2b7eb20,0xd2b80000)
  to   space 2560K, 0% used [0xd3bc0000,0xd3bc0000,0xd3e40000)
 ParOldGen       total 43776K, used 256K [0xa6e00000, 0xa98c0000, 0xd18c0000)
  object space 43776K, 0% used [0xa6e00000,0xa6e40380,0xa98c0000)
 Metaspace       used 7032K, capacity 7288K, committed 7320K, reserved 7472K
}
Event: 1,406 GC heap before
{Heap before GC invocations=4 (full 0):
 PSYoungGen      total 19200K, used 19194K [0xd18c0000, 0xd3e40000, 0xe6e00000)
  eden space 16640K, 100% used [0xd18c0000,0xd2900000,0xd2900000)
  from space 2560K, 99% used [0xd2900000,0xd2b7eb20,0xd2b80000)
  to   space 2560K, 0% used [0xd3bc0000,0xd3bc0000,0xd3e40000)
 ParOldGen       total 43776K, used 256K [0xa6e00000, 0xa98c0000, 0xd18c0000)
  object space 43776K, 0% used [0xa6e00000,0xa6e40380,0xa98c0000)
 Metaspace       used 8434K, capacity 8738K, committed 8856K, reserved 9520K
Event: 1,412 GC heap after
Heap after GC invocations=4 (full 0):
 PSYoungGen      total 35840K, used 2547K [0xd18c0000, 0xd3e40000, 0xe6e00000)
  eden space 33280K, 0% used [0xd18c0000,0xd18c0000,0xd3940000)
  from space 2560K, 99% used [0xd3bc0000,0xd3e3ccb0,0xd3e40000)
  to   space 2560K, 0% used [0xd3940000,0xd3940000,0xd3bc0000)
 ParOldGen       total 43776K, used 1475K [0xa6e00000, 0xa98c0000, 0xd18c0000)
  object space 43776K, 3% used [0xa6e00000,0xa6f70e00,0xa98c0000)
 Metaspace       used 8434K, capacity 8738K, committed 8856K, reserved 9520K
}
Event: 1,668 GC heap before
{Heap before GC invocations=5 (full 0):
 PSYoungGen      total 35840K, used 35827K [0xd18c0000, 0xd3e40000, 0xe6e00000)
  eden space 33280K, 100% used [0xd18c0000,0xd3940000,0xd3940000)
  from space 2560K, 99% used [0xd3bc0000,0xd3e3ccb0,0xd3e40000)
  to   space 2560K, 0% used [0xd3940000,0xd3940000,0xd3bc0000)
 ParOldGen       total 43776K, used 1475K [0xa6e00000, 0xa98c0000, 0xd18c0000)
  object space 43776K, 3% used [0xa6e00000,0xa6f70e00,0xa98c0000)
 Metaspace       used 10755K, capacity 11095K, committed 11160K, reserved 11568K
Event: 1,679 GC heap after
Heap after GC invocations=5 (full 0):
 PSYoungGen      total 35840K, used 2551K [0xd18c0000, 0xd64c0000, 0xe6e00000)
  eden space 33280K, 0% used [0xd18c0000,0xd18c0000,0xd3940000)
  from space 2560K, 99% used [0xd3940000,0xd3bbdf60,0xd3bc0000)
  to   space 5632K, 0% used [0xd5f40000,0xd5f40000,0xd64c0000)
 ParOldGen       total 43776K, used 4230K [0xa6e00000, 0xa98c0000, 0xd18c0000)
  object space 43776K, 9% used [0xa6e00000,0xa7221958,0xa98c0000)
 Metaspace       used 10755K, capacity 11095K, committed 11160K, reserved 11568K
}
Event: 1,869 GC heap before
{Heap before GC invocations=6 (full 0):
 PSYoungGen      total 35840K, used 35831K [0xd18c0000, 0xd64c0000, 0xe6e00000)
  eden space 33280K, 100% used [0xd18c0000,0xd3940000,0xd3940000)
  from space 2560K, 99% used [0xd3940000,0xd3bbdf60,0xd3bc0000)
  to   space 5632K, 0% used [0xd5f40000,0xd5f40000,0xd64c0000)
 ParOldGen       total 43776K, used 4230K [0xa6e00000, 0xa98c0000, 0xd18c0000)
  object space 43776K, 9% used [0xa6e00000,0xa7221958,0xa98c0000)
 Metaspace       used 11874K, capacity 12263K, committed 12312K, reserved 12592K
Event: 1,878 GC heap after
Heap after GC invocations=6 (full 0):
 PSYoungGen      total 71936K, used 4463K [0xd18c0000, 0xd6540000, 0xe6e00000)
  eden space 66304K, 0% used [0xd18c0000,0xd18c0000,0xd5980000)
  from space 5632K, 79% used [0xd5f40000,0xd639be38,0xd64c0000)
  to   space 5888K, 0% used [0xd5980000,0xd5980000,0xd5f40000)
 ParOldGen       total 43776K, used 4234K [0xa6e00000, 0xa98c0000, 0xd18c0000)
  object space 43776K, 9% used [0xa6e00000,0xa7222958,0xa98c0000)
 Metaspace       used 11874K, capacity 12263K, committed 12312K, reserved 12592K
}

