# JRE version: Java(TM) SE Runtime Environment (8.0_181-b13) (build 1.8.0_181-b13)
# Java VM: Java HotSpot(TM) Server VM (25.181-b13 mixed mode linux-x86 )
Heap:
 PSYoungGen      total 71936K, used 23501K [0xd18c0000, 0xd6540000, 0xe6e00000)
  eden space 66304K, 28% used [0xd18c0000,0xd2b59d88,0xd5980000)
  from space 5632K, 79% used [0xd5f40000,0xd63999a0,0xd64c0000)
  to   space 5888K, 0% used [0xd5980000,0xd5980000,0xd5f40000)
 ParOldGen       total 43776K, used 4291K [0xa6e00000, 0xa98c0000, 0xd18c0000)
  object space 43776K, 9% used [0xa6e00000,0xa7230ca8,0xa98c0000)
 Metaspace       used 12958K, capacity 13342K, committed 13464K, reserved 13616K
GC Heap History (10 events):
Event: 0,720 GC heap before
{Heap before GC invocations=2 (full 0):
 PSYoungGen      total 19200K, used 18590K [0xd18c0000, 0xd2e00000, 0xe6e00000)
  eden space 16640K, 100% used [0xd18c0000,0xd2900000,0xd2900000)
  from space 2560K, 76% used [0xd2900000,0xd2ae7b60,0xd2b80000)
  to   space 2560K, 0% used [0xd2b80000,0xd2b80000,0xd2e00000)
 ParOldGen       total 43776K, used 0K [0xa6e00000, 0xa98c0000, 0xd18c0000)
  object space 43776K, 0% used [0xa6e00000,0xa6e00000,0xa98c0000)
 Metaspace       used 5619K, capacity 5804K, committed 5912K, reserved 6448K
Event: 0,724 GC heap after
Heap after GC invocations=2 (full 0):
 PSYoungGen      total 19200K, used 2556K [0xd18c0000, 0xd3e40000, 0xe6e00000)
  eden space 16640K, 0% used [0xd18c0000,0xd18c0000,0xd2900000)
  from space 2560K, 99% used [0xd2b80000,0xd2dff1a0,0xd2e00000)
  to   space 2560K, 0% used [0xd2900000,0xd2900000,0xd2b80000)
 ParOldGen       total 43776K, used 106K [0xa6e00000, 0xa98c0000, 0xd18c0000)
  object space 43776K, 0% used [0xa6e00000,0xa6e1a8b0,0xa98c0000)
 Metaspace       used 5619K, capacity 5804K, committed 5912K, reserved 6448K
}
Event: 0,917 GC heap before
{Heap before GC invocations=3 (full 0):
 PSYoungGen      total 19200K, used 19196K [0xd18c0000, 0xd3e40000, 0xe6e00000)
  eden space 16640K, 100% used [0xd18c0000,0xd2900000,0xd2900000)
  from space 2560K, 99% used [0xd2b80000,0xd2dff1a0,0xd2e00000)
  to   space 2560K, 0% used [0xd2900000,0xd2900000,0xd2b80000)
 ParOldGen       total 43776K, used 106K [0xa6e00000, 0xa98c0000, 0xd18c0000)
  object space 43776K, 0% used [0xa6e00000,0xa6e1a8b0,0xa98c0000)
 Metaspace       used 7055K, capacity 7320K, committed 7320K, reserved 7472K
Event: 0,924 GC heap after
Heap after GC invocations=3 (full 0):
 PSYoungGen      total 19200K, used 2548K [0xd18c0000, 0xd3e40000, 0xe6e00000)
  eden space 16640K, 0% used [0xd18c0000,0xd18c0000,0xd2900000)
  from space 2560K, 99% used [0xd2900000,0xd2b7d078,0xd2b80000)
  to   space 2560K, 0% used [0xd3bc0000,0xd3bc0000,0xd3e40000)
 ParOldGen       total 43776K, used 335K [0xa6e00000, 0xa98c0000, 0xd18c0000)
  object space 43776K, 0% used [0xa6e00000,0xa6e53cf8,0xa98c0000)
 Metaspace       used 7055K, capacity 7320K, committed 7320K, reserved 7472K
}
Event: 1,094 GC heap before
{Heap before GC invocations=4 (full 0):
 PSYoungGen      total 19200K, used 19188K [0xd18c0000, 0xd3e40000, 0xe6e00000)
  eden space 16640K, 100% used [0xd18c0000,0xd2900000,0xd2900000)
  from space 2560K, 99% used [0xd2900000,0xd2b7d078,0xd2b80000)
  to   space 2560K, 0% used [0xd3bc0000,0xd3bc0000,0xd3e40000)
 ParOldGen       total 43776K, used 335K [0xa6e00000, 0xa98c0000, 0xd18c0000)
  object space 43776K, 0% used [0xa6e00000,0xa6e53cf8,0xa98c0000)
 Metaspace       used 8457K, capacity 8738K, committed 8856K, reserved 9520K
Event: 1,102 GC heap after
Heap after GC invocations=4 (full 0):
 PSYoungGen      total 35840K, used 2559K [0xd18c0000, 0xd3e40000, 0xe6e00000)
  eden space 33280K, 0% used [0xd18c0000,0xd18c0000,0xd3940000)
  from space 2560K, 99% used [0xd3bc0000,0xd3e3fe70,0xd3e40000)
  to   space 2560K, 0% used [0xd3940000,0xd3940000,0xd3bc0000)
 ParOldGen       total 43776K, used 1571K [0xa6e00000, 0xa98c0000, 0xd18c0000)
  object space 43776K, 3% used [0xa6e00000,0xa6f88db8,0xa98c0000)
 Metaspace       used 8457K, capacity 8738K, committed 8856K, reserved 9520K
}
Event: 1,377 GC heap before
{Heap before GC invocations=5 (full 0):
 PSYoungGen      total 35840K, used 35839K [0xd18c0000, 0xd3e40000, 0xe6e00000)
  eden space 33280K, 100% used [0xd18c0000,0xd3940000,0xd3940000)
  from space 2560K, 99% used [0xd3bc0000,0xd3e3fe70,0xd3e40000)
  to   space 2560K, 0% used [0xd3940000,0xd3940000,0xd3bc0000)
 ParOldGen       total 43776K, used 1571K [0xa6e00000, 0xa98c0000, 0xd18c0000)
  object space 43776K, 3% used [0xa6e00000,0xa6f88db8,0xa98c0000)
 Metaspace       used 10779K, capacity 11127K, committed 11160K, reserved 11568K
Event: 1,383 GC heap after
Heap after GC invocations=5 (full 0):
 PSYoungGen      total 35840K, used 2559K [0xd18c0000, 0xd64c0000, 0xe6e00000)
  eden space 33280K, 0% used [0xd18c0000,0xd18c0000,0xd3940000)
  from space 2560K, 99% used [0xd3940000,0xd3bbff50,0xd3bc0000)
  to   space 5632K, 0% used [0xd5f40000,0xd5f40000,0xd64c0000)
 ParOldGen       total 43776K, used 4287K [0xa6e00000, 0xa98c0000, 0xd18c0000)
  object space 43776K, 9% used [0xa6e00000,0xa722fca8,0xa98c0000)
 Metaspace       used 10779K, capacity 11127K, committed 11160K, reserved 11568K
}
Event: 1,539 GC heap before
{Heap before GC invocations=6 (full 0):
 PSYoungGen      total 35840K, used 35839K [0xd18c0000, 0xd64c0000, 0xe6e00000)
  eden space 33280K, 100% used [0xd18c0000,0xd3940000,0xd3940000)
  from space 2560K, 99% used [0xd3940000,0xd3bbff50,0xd3bc0000)
  to   space 5632K, 0% used [0xd5f40000,0xd5f40000,0xd64c0000)
 ParOldGen       total 43776K, used 4287K [0xa6e00000, 0xa98c0000, 0xd18c0000)
  object space 43776K, 9% used [0xa6e00000,0xa722fca8,0xa98c0000)
 Metaspace       used 11860K, capacity 12199K, committed 12312K, reserved 12592K
Event: 1,547 GC heap after
Heap after GC invocations=6 (full 0):
 PSYoungGen      total 71936K, used 4454K [0xd18c0000, 0xd6540000, 0xe6e00000)
  eden space 66304K, 0% used [0xd18c0000,0xd18c0000,0xd5980000)
  from space 5632K, 79% used [0xd5f40000,0xd63999a0,0xd64c0000)
  to   space 5888K, 0% used [0xd5980000,0xd5980000,0xd5f40000)
 ParOldGen       total 43776K, used 4291K [0xa6e00000, 0xa98c0000, 0xd18c0000)
  object space 43776K, 9% used [0xa6e00000,0xa7230ca8,0xa98c0000)
 Metaspace       used 11860K, capacity 12199K, committed 12312K, reserved 12592K
}

